<?xml version="1.0" encoding="UTF-8"?>
<!-- Generated by org.testng.reporters.JUnitReportReporter -->
<testsuite hostname="DESKTOP-E2K6OO4" failures="0" tests="1" name="crudOperationWithoutBDD.AddProjectTest" time="8.541" errors="0" timestamp="2022-09-01T17:15:34 IST" skipped="0">
  <testcase classname="crudOperationWithoutBDD.AddProjectTest" name="create" time="8.541"/>
  <system-out/>
</testsuite> <!-- crudOperationWithoutBDD.AddProjectTest -->
