<?xml version="1.0" encoding="UTF-8"?>
<!-- Generated by org.testng.reporters.JUnitReportReporter -->
<testsuite hostname="DESKTOP-E2K6OO4" failures="0" tests="1" name="crudOperationUsingFramework.GetProjectTest" time="5.705" errors="0" timestamp="2022-09-07T14:43:11 IST" skipped="0">
  <testcase classname="crudOperationUsingFramework.GetProjectTest" name="getProject" time="5.705"/>
  <system-out/>
</testsuite> <!-- crudOperationUsingFramework.GetProjectTest -->
