<?xml version="1.0" encoding="UTF-8"?>
<!-- Generated by org.testng.reporters.JUnitReportReporter -->
<testsuite hostname="DESKTOP-E2K6OO4" failures="0" tests="1" name="requestChaining.PostAndGetProjectTest" time="7.322" errors="0" timestamp="2022-09-05T16:19:21 IST" skipped="0">
  <testcase classname="requestChaining.PostAndGetProjectTest" name="postAndGetProject" time="7.322"/>
  <system-out/>
</testsuite> <!-- requestChaining.PostAndGetProjectTest -->
