<?xml version="1.0" encoding="UTF-8"?>
<!-- Generated by org.testng.reporters.JUnitReportReporter -->
<testsuite hostname="DESKTOP-E2K6OO4" failures="0" tests="1" name="crudOperationWithoutBDD.ReadProjectTest" time="8.426" errors="0" timestamp="2022-09-01T17:26:17 IST" skipped="0">
  <testcase classname="crudOperationWithoutBDD.ReadProjectTest" name="read" time="8.426"/>
  <system-out/>
</testsuite> <!-- crudOperationWithoutBDD.ReadProjectTest -->
