<?xml version="1.0" encoding="UTF-8"?>
<!-- Generated by org.testng.reporters.JUnitReportReporter -->
<testsuite hostname="DESKTOP-E2K6OO4" failures="0" tests="1" name="crudOperationWithBDD.UpdateProjectTest" time="7.534" errors="0" timestamp="2022-09-02T16:02:05 IST" skipped="0">
  <testcase classname="crudOperationWithBDD.UpdateProjectTest" name="updateProject" time="7.534"/>
  <system-out/>
</testsuite> <!-- crudOperationWithBDD.UpdateProjectTest -->
