<?xml version="1.0" encoding="UTF-8"?>
<!-- Generated by org.testng.reporters.JUnitReportReporter -->
<testsuite hostname="DESKTOP-E2K6OO4" failures="0" tests="1" name="differentWaysToPostRequest.AddProjectUsingHAshMapTest" time="9.396" errors="0" timestamp="2022-09-03T10:42:26 IST" skipped="0">
  <testcase classname="differentWaysToPostRequest.AddProjectUsingHAshMapTest" name="addProject" time="9.396"/>
  <system-out/>
</testsuite> <!-- differentWaysToPostRequest.AddProjectUsingHAshMapTest -->
