<?xml version="1.0" encoding="UTF-8"?>
<!-- Generated by org.testng.reporters.JUnitReportReporter -->
<testsuite hostname="DESKTOP-E2K6OO4" failures="0" tests="1" name="crudOperationForReqresApiWithBDD.AddProjectTest" time="9.239" errors="0" timestamp="2022-09-05T11:23:05 IST" skipped="0">
  <testcase classname="crudOperationForReqresApiWithBDD.AddProjectTest" name="create" time="9.239"/>
  <system-out/>
</testsuite> <!-- crudOperationForReqresApiWithBDD.AddProjectTest -->
