<?xml version="1.0" encoding="UTF-8"?>
<!-- Generated by org.testng.reporters.JUnitReportReporter -->
<testsuite hostname="DESKTOP-E2K6OO4" failures="0" tests="1" name="dynamicResponseValidation.DynamicResponseValidationTest" time="9.504" errors="0" timestamp="2022-09-05T13:23:24 IST" skipped="0">
  <testcase classname="dynamicResponseValidation.DynamicResponseValidationTest" name="dynamicResponseValidation" time="9.504"/>
  <system-out/>
</testsuite> <!-- dynamicResponseValidation.DynamicResponseValidationTest -->
