<?xml version="1.0" encoding="UTF-8"?>
<!-- Generated by org.testng.reporters.JUnitReportReporter -->
<testsuite hostname="DESKTOP-E2K6OO4" failures="0" tests="1" name="crudOperationForReqresApi.AddProjectTest" time="9.513" errors="0" timestamp="2022-09-05T11:04:42 IST" skipped="0">
  <testcase classname="crudOperationForReqresApi.AddProjectTest" name="create" time="9.513"/>
  <system-out/>
</testsuite> <!-- crudOperationForReqresApi.AddProjectTest -->
