<?xml version="1.0" encoding="UTF-8"?>
<!-- Generated by org.testng.reporters.JUnitReportReporter -->
<testsuite hostname="DESKTOP-E2K6OO4" failures="0" tests="1" name="crudOperationWithBDD.ReadProjectTest" time="4.640" errors="0" timestamp="2022-09-02T15:41:36 IST" skipped="0">
  <testcase classname="crudOperationWithBDD.ReadProjectTest" name="readProjectTest" time="4.640"/>
  <system-out/>
</testsuite> <!-- crudOperationWithBDD.ReadProjectTest -->
