<?xml version="1.0" encoding="UTF-8"?>
<!-- Generated by org.testng.reporters.JUnitReportReporter -->
<testsuite hostname="DESKTOP-E2K6OO4" failures="0" tests="1" name="swaggerPetStoreAssignment.GetAllProjectsTest" time="7.214" errors="0" timestamp="2022-09-06T16:57:57 IST" skipped="0">
  <testcase classname="swaggerPetStoreAssignment.GetAllProjectsTest" name="getAllProjects" time="7.214"/>
  <system-out/>
</testsuite> <!-- swaggerPetStoreAssignment.GetAllProjectsTest -->
