<?xml version="1.0" encoding="UTF-8"?>
<!-- Generated by org.testng.reporters.JUnitReportReporter -->
<testsuite hostname="DESKTOP-E2K6OO4" failures="0" tests="1" name="crudOperationWithoutBDD.ReadAllProjectsTest" time="5.066" errors="0" timestamp="2022-09-01T18:02:13 IST" skipped="0">
  <testcase classname="crudOperationWithoutBDD.ReadAllProjectsTest" name="read" time="5.066"/>
  <system-out/>
</testsuite> <!-- crudOperationWithoutBDD.ReadAllProjectsTest -->
