<?xml version="1.0" encoding="UTF-8"?>
<!-- Generated by org.testng.reporters.JUnitReportReporter -->
<testsuite hostname="DESKTOP-E2K6OO4" failures="0" tests="1" name="requestChaining.PostAndDeleteProjectTest" time="7.195" errors="0" timestamp="2022-09-05T17:40:07 IST" skipped="0">
  <testcase classname="requestChaining.PostAndDeleteProjectTest" name="postAndUpdateProject" time="7.195"/>
  <system-out/>
</testsuite> <!-- requestChaining.PostAndDeleteProjectTest -->
