<?xml version="1.0" encoding="UTF-8"?>
<!-- Generated by org.testng.reporters.JUnitReportReporter -->
<testsuite hostname="DESKTOP-E2K6OO4" failures="0" tests="1" name="crudOperationUsingFramework.DeleteProjectTest" time="5.103" errors="0" timestamp="2022-09-07T15:04:20 IST" skipped="0">
  <testcase classname="crudOperationUsingFramework.DeleteProjectTest" name="deleteProject" time="5.103"/>
  <system-out/>
</testsuite> <!-- crudOperationUsingFramework.DeleteProjectTest -->
