<?xml version="1.0" encoding="UTF-8"?>
<!-- Generated by org.testng.reporters.JUnitReportReporter -->
<testsuite hostname="DESKTOP-E2K6OO4" failures="0" tests="4" name="dataDrivenTesting.AddProjectUsingDataProviderTest" time="7.782" errors="0" timestamp="2022-09-03T12:55:54 IST" skipped="0">
  <testcase classname="dataDrivenTesting.AddProjectUsingDataProviderTest" name="createProject" time="0.142"/>
  <system-out/>
  <testcase classname="dataDrivenTesting.AddProjectUsingDataProviderTest" name="createProject" time="0.158"/>
  <system-out/>
  <testcase classname="dataDrivenTesting.AddProjectUsingDataProviderTest" name="createProject" time="0.085"/>
  <system-out/>
  <testcase classname="dataDrivenTesting.AddProjectUsingDataProviderTest" name="createProject" time="7.397"/>
  <system-out/>
</testsuite> <!-- dataDrivenTesting.AddProjectUsingDataProviderTest -->
