<?xml version="1.0" encoding="UTF-8"?>
<!-- Generated by org.testng.reporters.JUnitReportReporter -->
<testsuite hostname="DESKTOP-E2K6OO4" failures="0" tests="1" name="crudOperationWithBDD.TimeValidatrionForReadProjectsTest" time="5.291" errors="0" timestamp="2022-09-05T15:25:59 IST" skipped="0">
  <testcase classname="crudOperationWithBDD.TimeValidatrionForReadProjectsTest" name="readProjects" time="5.291"/>
  <system-out/>
</testsuite> <!-- crudOperationWithBDD.TimeValidatrionForReadProjectsTest -->
