<?xml version="1.0" encoding="UTF-8"?>
<!-- Generated by org.testng.reporters.JUnitReportReporter -->
<testsuite hostname="DESKTOP-E2K6OO4" failures="0" tests="1" name="crudOperationWithPojoClass.AddProjectWithJsonObject" time="5.765" errors="0" timestamp="2022-09-02T17:22:25 IST" skipped="0">
  <testcase classname="crudOperationWithPojoClass.AddProjectWithJsonObject" name="create" time="5.765"/>
  <system-out/>
</testsuite> <!-- crudOperationWithPojoClass.AddProjectWithJsonObject -->
