<?xml version="1.0" encoding="UTF-8"?>
<!-- Generated by org.testng.reporters.JUnitReportReporter -->
<testsuite hostname="DESKTOP-E2K6OO4" failures="0" tests="1" name="swaggerPetStoreAssignment.GetProjectTest" time="7.322" errors="0" timestamp="2022-09-06T16:54:12 IST" skipped="0">
  <testcase classname="swaggerPetStoreAssignment.GetProjectTest" name="getProject" time="7.322"/>
  <system-out/>
</testsuite> <!-- swaggerPetStoreAssignment.GetProjectTest -->
