<?xml version="1.0" encoding="UTF-8"?>
<!-- Generated by org.testng.reporters.JUnitReportReporter -->
<testsuite hostname="DESKTOP-E2K6OO4" failures="0" tests="1" name="crudOperationWithoutBDD.DeleteProjectTest" time="4.665" errors="0" timestamp="2022-09-01T18:02:51 IST" skipped="0">
  <testcase classname="crudOperationWithoutBDD.DeleteProjectTest" name="delete" time="4.665"/>
  <system-out/>
</testsuite> <!-- crudOperationWithoutBDD.DeleteProjectTest -->
