<?xml version="1.0" encoding="UTF-8"?>
<!-- Generated by org.testng.reporters.JUnitReportReporter -->
<testsuite hostname="DESKTOP-E2K6OO4" failures="0" tests="1" name="com.rmgyantra.authentification.Oauth2" time="7.406" errors="0" timestamp="2022-09-06T15:19:26 IST" skipped="0">
  <testcase classname="com.rmgyantra.authentification.Oauth2" name="oauth2" time="7.406"/>
  <system-out/>
</testsuite> <!-- com.rmgyantra.authentification.Oauth2 -->
