<?xml version="1.0" encoding="UTF-8"?>
<!-- Generated by org.testng.reporters.JUnitReportReporter -->
<testsuite hostname="DESKTOP-E2K6OO4" failures="0" tests="1" name="com.rmgyantra.parameter.GetProjectQueryParameterTest" time="6.348" errors="0" timestamp="2022-09-06T15:36:32 IST" skipped="0">
  <testcase classname="com.rmgyantra.parameter.GetProjectQueryParameterTest" name="getProjectQueryParameter" time="6.348"/>
  <system-out/>
</testsuite> <!-- com.rmgyantra.parameter.GetProjectQueryParameterTest -->
