<?xml version="1.0" encoding="UTF-8"?>
<!-- Generated by org.testng.reporters.JUnitReportReporter -->
<testsuite hostname="DESKTOP-E2K6OO4" failures="0" tests="1" name="requestChaining.GetAndDeleteProjectTest" time="6.881" errors="0" timestamp="2022-09-05T17:56:20 IST" skipped="0">
  <testcase classname="requestChaining.GetAndDeleteProjectTest" name="getAndDeleteTest" time="6.881"/>
  <system-out/>
</testsuite> <!-- requestChaining.GetAndDeleteProjectTest -->
