<?xml version="1.0" encoding="UTF-8"?>
<!-- Generated by org.testng.reporters.JUnitReportReporter -->
<testsuite hostname="DESKTOP-E2K6OO4" failures="0" tests="1" name="crudOperationUsingFramework.CreateProjectTest" time="6.780" errors="0" timestamp="2022-09-07T13:25:18 IST" skipped="0">
  <testcase classname="crudOperationUsingFramework.CreateProjectTest" name="createProject" time="6.780"/>
  <system-out/>
</testsuite> <!-- crudOperationUsingFramework.CreateProjectTest -->
