<?xml version="1.0" encoding="UTF-8"?>
<!-- Generated by org.testng.reporters.JUnitReportReporter -->
<testsuite hostname="DESKTOP-E2K6OO4" failures="0" tests="1" name="crudOperationWithoutBDD.UpdateProjectTest" time="7.836" errors="0" timestamp="2022-09-01T17:44:22 IST" skipped="0">
  <testcase classname="crudOperationWithoutBDD.UpdateProjectTest" name="update" time="7.836"/>
  <system-out/>
</testsuite> <!-- crudOperationWithoutBDD.UpdateProjectTest -->
