<?xml version="1.0" encoding="UTF-8"?>
<!-- Generated by org.testng.reporters.JUnitReportReporter -->
<testsuite hostname="DESKTOP-E2K6OO4" failures="0" tests="1" name="crudOperationWithPojoClass.AddProjectTest" time="5.716" errors="0" timestamp="2022-09-02T17:18:17 IST" skipped="0">
  <testcase classname="crudOperationWithPojoClass.AddProjectTest" name="createProject" time="5.716"/>
  <system-out/>
</testsuite> <!-- crudOperationWithPojoClass.AddProjectTest -->
