<?xml version="1.0" encoding="UTF-8"?>
<!-- Generated by org.testng.reporters.JUnitReportReporter -->
<testsuite hostname="DESKTOP-E2K6OO4" failures="0" tests="1" name="crudOperationForReqresApiWithBDD.DeleteProjectTest" time="6.929" errors="0" timestamp="2022-09-05T12:39:19 IST" skipped="0">
  <testcase classname="crudOperationForReqresApiWithBDD.DeleteProjectTest" name="deleteProject" time="6.929"/>
  <system-out/>
</testsuite> <!-- crudOperationForReqresApiWithBDD.DeleteProjectTest -->
