<?xml version="1.0" encoding="UTF-8"?>
<!-- Generated by org.testng.reporters.JUnitReportReporter -->
<testsuite hostname="DESKTOP-E2K6OO4" failures="0" tests="1" name="crudOperationForReqresApiWithBDD.ReadAllProjectsTest" time="6.548" errors="0" timestamp="2022-09-05T11:29:40 IST" skipped="0">
  <testcase classname="crudOperationForReqresApiWithBDD.ReadAllProjectsTest" name="readProject" time="6.548"/>
  <system-out/>
</testsuite> <!-- crudOperationForReqresApiWithBDD.ReadAllProjectsTest -->
