<?xml version="1.0" encoding="UTF-8"?>
<!-- Generated by org.testng.reporters.JUnitReportReporter -->
<testsuite hostname="DESKTOP-E2K6OO4" failures="0" tests="1" name="differentWaysToPostRequest.AddProjectUsingJsonFileTest" time="5.477" errors="0" timestamp="2022-09-03T10:58:16 IST" skipped="0">
  <testcase classname="differentWaysToPostRequest.AddProjectUsingJsonFileTest" name="createProject" time="5.477"/>
  <system-out/>
</testsuite> <!-- differentWaysToPostRequest.AddProjectUsingJsonFileTest -->
