<?xml version="1.0" encoding="UTF-8"?>
<!-- Generated by org.testng.reporters.JUnitReportReporter -->
<testsuite hostname="DESKTOP-E2K6OO4" failures="0" tests="1" name="StaticResponseValidation.StaticResponseValidationGetTest" time="7.187" errors="0" timestamp="2022-09-05T12:54:32 IST" skipped="0">
  <testcase classname="StaticResponseValidation.StaticResponseValidationGetTest" name="staticResponseGet" time="7.187"/>
  <system-out/>
</testsuite> <!-- StaticResponseValidation.StaticResponseValidationGetTest -->
