<?xml version="1.0" encoding="UTF-8"?>
<!-- Generated by org.testng.reporters.JUnitReportReporter -->
<testsuite hostname="DESKTOP-E2K6OO4" failures="0" tests="1" name="crudOperationWithBDD.AddProjectTest" time="5.888" errors="0" timestamp="2022-09-02T15:35:56 IST" skipped="0">
  <testcase classname="crudOperationWithBDD.AddProjectTest" name="create" time="5.888"/>
  <system-out/>
</testsuite> <!-- crudOperationWithBDD.AddProjectTest -->
