<?xml version="1.0" encoding="UTF-8"?>
<!-- Generated by org.testng.reporters.JUnitReportReporter -->
<testsuite hostname="DESKTOP-E2K6OO4" failures="0" tests="1" name="swaggerPetStoreAssignment.AddProjectTest" time="7.877" errors="0" timestamp="2022-09-06T16:43:18 IST" skipped="0">
  <testcase classname="swaggerPetStoreAssignment.AddProjectTest" name="addProject" time="7.877"/>
  <system-out/>
</testsuite> <!-- swaggerPetStoreAssignment.AddProjectTest -->
