<?xml version="1.0" encoding="UTF-8"?>
<!-- Generated by org.testng.reporters.JUnitReportReporter -->
<testsuite hostname="DESKTOP-E2K6OO4" failures="0" tests="1" name="crudOperationUsingFramework.AutomateEndToEndScenarioTest" time="48.369" errors="0" timestamp="2022-09-08T10:25:08 IST" skipped="0">
  <testcase classname="crudOperationUsingFramework.AutomateEndToEndScenarioTest" name="automateEndToEndScenario" time="48.369"/>
  <system-out/>
</testsuite> <!-- crudOperationUsingFramework.AutomateEndToEndScenarioTest -->
