<?xml version="1.0" encoding="UTF-8"?>
<!-- Generated by org.testng.reporters.JUnitReportReporter -->
<testsuite hostname="DESKTOP-E2K6OO4" failures="0" tests="1" name="crudOperationWithBDD.ReadAllProjects" time="4.938" errors="0" timestamp="2022-09-02T16:45:21 IST" skipped="0">
  <testcase classname="crudOperationWithBDD.ReadAllProjects" name="readProjectTest" time="4.938"/>
  <system-out/>
</testsuite> <!-- crudOperationWithBDD.ReadAllProjects -->
