<?xml version="1.0" encoding="UTF-8"?>
<!-- Generated by org.testng.reporters.JUnitReportReporter -->
<testsuite hostname="DESKTOP-E2K6OO4" failures="0" tests="1" name="crudOperationWithBDD.DeleteProjectTest" time="4.585" errors="0" timestamp="2022-09-02T16:20:40 IST" skipped="0">
  <testcase classname="crudOperationWithBDD.DeleteProjectTest" name="deleteProject" time="4.585"/>
  <system-out/>
</testsuite> <!-- crudOperationWithBDD.DeleteProjectTest -->
